\BOOKMARK [0][]{section*.1}{Inhaltsverzeichnis}{}% 1
\BOOKMARK [0][]{chapter.2}{Zielbestimmung}{}% 2
\BOOKMARK [1][]{section.3}{Musskriterien}{chapter.2}% 3
\BOOKMARK [1][]{section.4}{Wunschkriterien}{chapter.2}% 4
\BOOKMARK [1][]{section.5}{Abgrenzungskriterien}{chapter.2}% 5
\BOOKMARK [0][]{chapter.6}{Produkteinsatz}{}% 6
\BOOKMARK [1][]{section.7}{Anwendungsbereiche}{chapter.6}% 7
\BOOKMARK [1][]{section.8}{Zielgruppe}{chapter.6}% 8
\BOOKMARK [0][]{chapter.9}{Produktfunktionen}{}% 9
\BOOKMARK [0][]{chapter.42}{Produktdaten}{}% 10
\BOOKMARK [0][]{chapter.45}{Produktleistungen}{}% 11
\BOOKMARK [0][]{chapter.57}{Qualit\344tsanforderungen}{}% 12
\BOOKMARK [0][]{chapter.58}{Bedienoberfl\344che}{}% 13
\BOOKMARK [0][]{chapter.90}{Nichtfunktionale Anforderungen}{}% 14
\BOOKMARK [0][]{chapter.91}{Systemtestf\344lle}{}% 15
\BOOKMARK [0][]{chapter.184}{Technische Produktumgebung}{}% 16
\BOOKMARK [1][]{section.185}{Software}{chapter.184}% 17
\BOOKMARK [1][]{section.186}{Produkt-Schnittstellen}{chapter.184}% 18
\BOOKMARK [0][]{chapter.187}{Spezielle Anforderungen an die Entwicklungs-Umgebung}{}% 19
\BOOKMARK [1][]{section.188}{Software}{chapter.187}% 20
\BOOKMARK [1][]{section.189}{Hardware}{chapter.187}% 21
\BOOKMARK [0][]{chapter.190}{Glossar}{}% 22
